Using pre-set license

 COMMAND LINE ARGUMENTS:
/Applications/Unity/Hub/Editor/2020.3.2f1/Unity.app/Contents/MacOS/Unity
-adb2
-batchMode
-noUpm
-name
AssetImportWorker0
-projectPath
/Users/davicoscarelli/Documents/GitHub/m1n3rv4ns-brasahacks
-logFile
Logs/AssetImportWorker0.log
-srvPort
49519
Successfully changed project path to: /Users/davicoscarelli/Documents/GitHub/m1n3rv4ns-brasahacks
/Users/davicoscarelli/Documents/GitHub/m1n3rv4ns-brasahacks
Using Asset Import Pipeline V2.
Refreshing native plugins compatible for Editor in 52.72 ms, found 1 plugins.
Preloading 0 native plugins for Editor in 0.00 ms.
Initialize engine version: 2020.3.2f1 (8fd9074bf66c)
[Subsystems] Discovering subsystems at path /Applications/Unity/Hub/Editor/2020.3.2f1/Unity.app/Contents/Resources/UnitySubsystems
[Subsystems] Discovering subsystems at path /Users/davicoscarelli/Documents/GitHub/m1n3rv4ns-brasahacks/Assets
GfxDevice: creating device client; threaded=0
Renderer: Intel HD Graphics 3000 OpenGL Engine
Vendor:   Intel Inc.
Version:  3.3 INTEL-10.4.14
GLES:     0
 GL_ARB_blend_func_extended GL_ARB_ES2_compatibility GL_ARB_explicit_attrib_location GL_ARB_instanced_arrays GL_ARB_internalformat_query GL_ARB_occlusion_query2 GL_ARB_sampler_objects GL_ARB_separate_shader_objects GL_ARB_shader_bit_encoding GL_ARB_shading_language_include GL_ARB_texture_rgb10_a2ui GL_ARB_texture_storage GL_ARB_texture_swizzle GL_ARB_timer_query GL_ARB_vertex_type_2_10_10_10_rev GL_EXT_debug_label GL_EXT_debug_marker GL_EXT_texture_compression_s3tc GL_EXT_texture_filter_anisotropic GL_EXT_texture_sRGB_decode GL_APPLE_client_storage GL_APPLE_container_object_shareable GL_APPLE_flush_render GL_APPLE_object_purgeable GL_APPLE_rgb_422 GL_APPLE_row_bytes GL_APPLE_texture_range GL_ATI_texture_mirror_once GL_NV_texture_barrier
OPENGL LOG: Creating OpenGL 3.3 graphics device ; Context level  <OpenGL 3.3> ; Context handle -452509696
Initialize mono
Mono path[0] = '/Applications/Unity/Hub/Editor/2020.3.2f1/Unity.app/Contents/Managed'
Mono path[1] = '/Applications/Unity/Hub/Editor/2020.3.2f1/Unity.app/Contents/MonoBleedingEdge/lib/mono/unityjit'
Mono config path = '/Applications/Unity/Hub/Editor/2020.3.2f1/Unity.app/Contents/MonoBleedingEdge/etc'
Using monoOptions --debugger-agent=transport=dt_socket,embedding=1,server=y,suspend=n,address=127.0.0.1:56187
Begin MonoManager ReloadAssembly
Registering precompiled unity dll's ...
Register platform support module: /Applications/Unity/Hub/Editor/2020.3.2f1/Unity.app/Contents/PlaybackEngines/MacStandaloneSupport/UnityEditor.OSXStandalone.Extensions.dll
Registered in 0.002511 seconds.
Native extension for OSXStandalone target not found
Refreshing native plugins compatible for Editor in 48.86 ms, found 1 plugins.
Preloading 0 native plugins for Editor in 0.00 ms.
Invoked RoslynAnalysisRunner static constructor.
RoslynAnalysisRunner will not be running.
RoslynAnalysisRunner has terminated.
Mono: successfully reloaded assembly
- Completed reload, in  2.952 seconds
Platform modules already initialized, skipping
Registering precompiled user dll's ...
Registered in 0.001579 seconds.
Begin MonoManager ReloadAssembly
Native extension for OSXStandalone target not found
Refreshing native plugins compatible for Editor in 0.37 ms, found 1 plugins.
Preloading 0 native plugins for Editor in 0.00 ms.
Invoked RoslynAnalysisRunner static constructor.
RoslynAnalysisRunner will not be running.
RoslynAnalysisRunner has terminated.
Mono: successfully reloaded assembly
- Completed reload, in  2.045 seconds
Platform modules already initialized, skipping
========================================================================
Worker process is ready to serve import requests
Launching external process: /Applications/Unity/Hub/Editor/2020.3.2f1/Unity.app/Contents/Tools/UnityShaderCompiler
Launched and connected shader compiler UnityShaderCompiler after 0.09 seconds
Refreshing native plugins compatible for Editor in 0.45 ms, found 1 plugins.
Preloading 0 native plugins for Editor in 0.00 ms.
Unloading 1131 Unused Serialized files (Serialized files now loaded: 0)
System memory in use before: 107.1 MB.
System memory in use after: 107.2 MB.

Unloading 9 unused Assets to reduce memory usage. Loaded Objects now: 1573.
Total: 2.268821 ms (FindLiveObjects: 0.183414 ms CreateObjectMapping: 0.051664 ms MarkObjects: 1.942696 ms  DeleteObjects: 0.089235 ms)

========================================================================
Received Import Request.
  path: Assets/scripts
  artifactKey: Guid(df5e8e9bf271c3e43966a1c5fbb095b6) Importer(815301076,1909f56bfc062723c751e8b465ee728b)
Start importing Assets/scripts using Guid(df5e8e9bf271c3e43966a1c5fbb095b6) Importer(815301076,1909f56bfc062723c751e8b465ee728b)  -> (artifact id: '08729687caf0611d3d3c3c34363072f9') in 0.007781 seconds
  Import took 0.010611 seconds .

========================================================================
Received Import Request.
  Time since last request: 0.000326 seconds.
  path: Assets/scripts/SwitchCharacterScript.cs
  artifactKey: Guid(585392f77ff214cfea3627edfc7590df) Importer(815301076,1909f56bfc062723c751e8b465ee728b)
Start importing Assets/scripts/SwitchCharacterScript.cs using Guid(585392f77ff214cfea3627edfc7590df) Importer(815301076,1909f56bfc062723c751e8b465ee728b)  -> (artifact id: 'aab1dedbc00f46213c18b510f05504a3') in 1.208069 seconds
  Import took 1.210435 seconds .

========================================================================
Received Prepare
Refreshing native plugins compatible for Editor in 1.76 ms, found 1 plugins.
Preloading 0 native plugins for Editor in 0.00 ms.
Unloading 3 Unused Serialized files (Serialized files now loaded: 0)
System memory in use before: 89.1 MB.
System memory in use after: 89.2 MB.

Unloading 2 unused Assets to reduce memory usage. Loaded Objects now: 1573.
Total: 3.069068 ms (FindLiveObjects: 0.406721 ms CreateObjectMapping: 0.094235 ms MarkObjects: 2.540359 ms  DeleteObjects: 0.023915 ms)

